<?xml version="1.0" encoding="UTF-8"?>
<testng-results skipped="0" failed="0" ignored="0" total="2" passed="2">
  <reporter-output>
  </reporter-output>
  <suite name="Suite1" duration-ms="26" started-at="2019-12-28T13:20:12Z" finished-at="2019-12-28T13:20:12Z">
    <groups>
    </groups>
    <test name="Regression1" duration-ms="26" started-at="2019-12-28T13:20:12Z" finished-at="2019-12-28T13:20:12Z">
      <class name="com.automation.TestAPP1">
        <test-method status="PASS" signature="AppTest12()[pri:0, instance:com.automation.TestAPP1@36d4b5c]" name="AppTest12" duration-ms="6" started-at="2019-12-28T13:20:12Z" finished-at="2019-12-28T13:20:12Z">
          <reporter-output>
          </reporter-output>
        </test-method> <!-- AppTest12 -->
        <test-method status="PASS" signature="AppTest13()[pri:0, instance:com.automation.TestAPP1@36d4b5c]" name="AppTest13" duration-ms="1" started-at="2019-12-28T13:20:12Z" finished-at="2019-12-28T13:20:12Z">
          <reporter-output>
          </reporter-output>
        </test-method> <!-- AppTest13 -->
      </class> <!-- com.automation.TestAPP1 -->
    </test> <!-- Regression1 -->
  </suite> <!-- Suite1 -->
</testng-results>
